#
# There is insufficient memory for the Java Runtime Environment to continue.
# Native memory allocation (malloc) failed to allocate 287968 bytes for Chunk::new
# Possible reasons:
#   The system is out of physical RAM or swap space
#   The process is running with CompressedOops enabled, and the Java Heap may be blocking the growth of the native heap
# Possible solutions:
#   Reduce memory load on the system
#   Increase physical memory or swap space
#   Check if swap backing store is full
#   Decrease Java heap size (-Xmx/-Xms)
#   Decrease number of Java threads
#   Decrease Java thread stack sizes (-Xss)
#   Set larger code cache with -XX:ReservedCodeCacheSize=
#   JVM is running with Unscaled Compressed Oops mode in which the Java heap is
#     placed in the first 4GB address space. The Java Heap base address is the
#     maximum limit for the native heap growth. Please use -XX:HeapBaseMinAddress
#     to set the Java Heap base and to place the Java Heap above 4GB virtual address.
# This output file may be truncated or incomplete.
#
#  Out of Memory Error (allocation.cpp:389), pid=4576, tid=0x00000000000053b4
#
# JRE version: Java(TM) SE Runtime Environment (8.0_212-b10) (build 1.8.0_212-b10)
# Java VM: Java HotSpot(TM) 64-Bit Server VM (25.212-b10 mixed mode windows-amd64 compressed oops)
# Failed to write core dump. Minidumps are not enabled by default on client versions of Windows
#

---------------  T H R E A D  ---------------

Current thread (0x00000000175a8000):  JavaThread "C2 CompilerThread0" daemon [_thread_in_native, id=21428, stack(0x0000000018eb0000,0x0000000018fb0000)]

Stack: [0x0000000018eb0000,0x0000000018fb0000]
[error occurred during error reporting (printing stack bounds), id 0xc0000005]

Native frames: (J=compiled Java code, j=interpreted, Vv=VM code, C=native code)


Current CompileTask:
C2:   5297 2693   !   4       com.sun.org.apache.xerces.internal.impl.xs.XMLSchemaValidator::handleStartElement (1451 bytes)


---------------  P R O C E S S  ---------------

Java Threads: ( => current thread )
  0x0000000019a45000 JavaThread "Keep-Alive-Timer" daemon [_thread_blocked, id=15836, stack(0x000000001a3b0000,0x000000001a4b0000)]
  0x0000000018942800 JavaThread "Service Thread" daemon [_thread_blocked, id=23424, stack(0x00000000191b0000,0x00000000192b0000)]
  0x00000000175ae800 JavaThread "C1 CompilerThread2" daemon [_thread_blocked, id=14104, stack(0x00000000190b0000,0x00000000191b0000)]
  0x00000000175aa800 JavaThread "C2 CompilerThread1" daemon [_thread_blocked, id=16524, stack(0x0000000018fb0000,0x00000000190b0000)]
=>0x00000000175a8000 JavaThread "C2 CompilerThread0" daemon [_thread_in_native, id=21428, stack(0x0000000018eb0000,0x0000000018fb0000)]
  0x0000000017562000 JavaThread "Attach Listener" daemon [_thread_blocked, id=3624, stack(0x0000000018db0000,0x0000000018eb0000)]
  0x00000000188c0800 JavaThread "Signal Dispatcher" daemon [_thread_blocked, id=22196, stack(0x0000000018cb0000,0x0000000018db0000)]
  0x000000000298e000 JavaThread "Finalizer" daemon [_thread_blocked, id=2848, stack(0x00000000187b0000,0x00000000188b0000)]
  0x0000000002985800 JavaThread "Reference Handler" daemon [_thread_blocked, id=10384, stack(0x00000000186b0000,0x00000000187b0000)]
  0x0000000002893800 JavaThread "main" [_thread_in_native, id=25524, stack(0x0000000002790000,0x0000000002890000)]

Other Threads:
  0x0000000017518000 VMThread [stack: 0x00000000185b0000,0x00000000186b0000] [id=9836]
  0x0000000018960000 WatcherThread [stack: 0x00000000192b0000,0x00000000193b0000] [id=14256]

VM state:not at safepoint (normal execution)

VM Mutex/Monitor currently owned by a thread: None

heap address: 0x0000000080a00000, size: 2038 MB, Compressed Oops mode: 32-bit
Narrow klass base: 0x0000000000000000, Narrow klass shift: 3
Compressed class space size: 1073741824 Address: 0x0000000100000000

Heap:
 PSYoungGen      total 38400K, used 19065K [0x00000000d5900000, 0x00000000da400000, 0x0000000100000000)
  eden space 33280K, 41% used [0x00000000d5900000,0x00000000d669fca8,0x00000000d7980000)
  from space 5120K, 99% used [0x00000000d7980000,0x00000000d7e7e970,0x00000000d7e80000)
  to   space 5120K, 0% used [0x00000000d9f00000,0x00000000d9f00000,0x00000000da400000)
 ParOldGen       total 87552K, used 2956K [0x0000000080a00000, 0x0000000085f80000, 0x00000000d5900000)
  object space 87552K, 3% used [0x0000000080a00000,0x0000000080ce30c8,0x0000000085f80000)
 Metaspace       used 17891K, capacity 18264K, committed 18304K, reserved 1064960K
  class space    used 2072K, capacity 2176K, committed 2176K, reserved 1048576K

Card table byte_map: [0x0000000011d50000,0x0000000012150000] byte_map_base: 0x000000001194b000

Marking Bits: (ParMarkBitMap*) 0x0000000077f75ce0
 Begin Bits: [0x0000000012800000, 0x00000000147d8000)
 End Bits:   [0x00000000147d8000, 0x00000000167b0000)

Polling page: 0x0000000000ad0000

CodeCache: size=245760Kb used=9543Kb max_used=9555Kb free=236216Kb
 bounds [0x0000000002990000, 0x00000000032f0000, 0x0000000011990000]
 total_blobs=3123 nmethods=2696 adapters=339
 compilation: enabled

Compilation events (10 events):
Event: 5.227 Thread 0x00000000175ae800 nmethod 2699 0x00000000032e4550 code [0x00000000032e46c0, 0x00000000032e4908]
Event: 5.227 Thread 0x00000000175ae800 2700       3       java.util.concurrent.locks.AbstractQueuedSynchronizer::release (33 bytes)
Event: 5.227 Thread 0x00000000175ae800 nmethod 2700 0x00000000032e3fd0 code [0x00000000032e4140, 0x00000000032e4458]
Event: 5.231 Thread 0x00000000175aa800 nmethod 2692 0x00000000032e9390 code [0x00000000032e9500, 0x00000000032e9ef8]
Event: 5.231 Thread 0x00000000175aa800 2695       4       com.sun.xml.internal.bind.v2.util.QNameMap::hash (36 bytes)
Event: 5.233 Thread 0x00000000175a8000 nmethod 2689 0x00000000032ea2d0 code [0x00000000032ea460, 0x00000000032eaf48]
Event: 5.233 Thread 0x00000000175a8000 2693   !   4       com.sun.org.apache.xerces.internal.impl.xs.XMLSchemaValidator::handleStartElement (1451 bytes)
Event: 5.233 Thread 0x00000000175aa800 nmethod 2695 0x00000000032e3c50 code [0x00000000032e3d80, 0x00000000032e3ef8]
Event: 5.233 Thread 0x00000000175aa800 2694       4       com.sun.org.apache.xerces.internal.impl.xs.XMLSchemaValidator::storeLocations (89 bytes)
Event: 5.233 Thread 0x00000000175aa800 nmethod 2694 0x00000000032e39d0 code [0x00000000032e3b00, 0x00000000032e3b98]

GC Heap History (6 events):
Event: 2.764 GC heap before
{Heap before GC invocations=1 (full 0):
 PSYoungGen      total 38400K, used 33280K [0x00000000d5900000, 0x00000000d8380000, 0x0000000100000000)
  eden space 33280K, 100% used [0x00000000d5900000,0x00000000d7980000,0x00000000d7980000)
  from space 5120K, 0% used [0x00000000d7e80000,0x00000000d7e80000,0x00000000d8380000)
  to   space 5120K, 0% used [0x00000000d7980000,0x00000000d7980000,0x00000000d7e80000)
 ParOldGen       total 87552K, used 0K [0x0000000080a00000, 0x0000000085f80000, 0x00000000d5900000)
  object space 87552K, 0% used [0x0000000080a00000,0x0000000080a00000,0x0000000085f80000)
 Metaspace       used 15220K, capacity 15604K, committed 15872K, reserved 1062912K
  class space    used 1855K, capacity 1980K, committed 2048K, reserved 1048576K
Event: 2.793 GC heap after
Heap after GC invocations=1 (full 0):
 PSYoungGen      total 38400K, used 5119K [0x00000000d5900000, 0x00000000d8380000, 0x0000000100000000)
  eden space 33280K, 0% used [0x00000000d5900000,0x00000000d5900000,0x00000000d7980000)
  from space 5120K, 99% used [0x00000000d7980000,0x00000000d7e7fec0,0x00000000d7e80000)
  to   space 5120K, 0% used [0x00000000d7e80000,0x00000000d7e80000,0x00000000d8380000)
 ParOldGen       total 87552K, used 934K [0x0000000080a00000, 0x0000000085f80000, 0x00000000d5900000)
  object space 87552K, 1% used [0x0000000080a00000,0x0000000080ae9be8,0x0000000085f80000)
 Metaspace       used 15220K, capacity 15604K, committed 15872K, reserved 1062912K
  class space    used 1855K, capacity 1980K, committed 2048K, reserved 1048576K
}
Event: 4.032 GC heap before
{Heap before GC invocations=2 (full 0):
 PSYoungGen      total 38400K, used 38399K [0x00000000d5900000, 0x00000000d8380000, 0x0000000100000000)
  eden space 33280K, 100% used [0x00000000d5900000,0x00000000d7980000,0x00000000d7980000)
  from space 5120K, 99% used [0x00000000d7980000,0x00000000d7e7fec0,0x00000000d7e80000)
  to   space 5120K, 0% used [0x00000000d7e80000,0x00000000d7e80000,0x00000000d8380000)
 ParOldGen       total 87552K, used 934K [0x0000000080a00000, 0x0000000085f80000, 0x00000000d5900000)
  object space 87552K, 1% used [0x0000000080a00000,0x0000000080ae9be8,0x0000000085f80000)
 Metaspace       used 17595K, capacity 18012K, committed 18304K, reserved 1064960K
  class space    used 2060K, capacity 2166K, committed 2176K, reserved 1048576K
Event: 4.039 GC heap after
Heap after GC invocations=2 (full 0):
 PSYoungGen      total 38400K, used 5114K [0x00000000d5900000, 0x00000000d8380000, 0x0000000100000000)
  eden space 33280K, 0% used [0x00000000d5900000,0x00000000d5900000,0x00000000d7980000)
  from space 5120K, 99% used [0x00000000d7e80000,0x00000000d837eba8,0x00000000d8380000)
  to   space 5120K, 0% used [0x00000000d7980000,0x00000000d7980000,0x00000000d7e80000)
 ParOldGen       total 87552K, used 2407K [0x0000000080a00000, 0x0000000085f80000, 0x00000000d5900000)
  object space 87552K, 2% used [0x0000000080a00000,0x0000000080c59d50,0x0000000085f80000)
 Metaspace       used 17595K, capacity 18012K, committed 18304K, reserved 1064960K
  class space    used 2060K, capacity 2166K, committed 2176K, reserved 1048576K
}
Event: 4.840 GC heap before
{Heap before GC invocations=3 (full 0):
 PSYoungGen      total 38400K, used 38394K [0x00000000d5900000, 0x00000000d8380000, 0x0000000100000000)
  eden space 33280K, 100% used [0x00000000d5900000,0x00000000d7980000,0x00000000d7980000)
  from space 5120K, 99% used [0x00000000d7e80000,0x00000000d837eba8,0x00000000d8380000)
  to   space 5120K, 0% used [0x00000000d7980000,0x00000000d7980000,0x00000000d7e80000)
 ParOldGen       total 87552K, used 2407K [0x0000000080a00000, 0x0000000085f80000, 0x00000000d5900000)
  object space 87552K, 2% used [0x0000000080a00000,0x0000000080c59d50,0x0000000085f80000)
 Metaspace       used 17869K, capacity 18258K, committed 18304K, reserved 1064960K
  class space    used 2072K, capacity 2175K, committed 2176K, reserved 1048576K
Event: 4.862 GC heap after
Heap after GC invocations=3 (full 0):
 PSYoungGen      total 38400K, used 5114K [0x00000000d5900000, 0x00000000da400000, 0x0000000100000000)
  eden space 33280K, 0% used [0x00000000d5900000,0x00000000d5900000,0x00000000d7980000)
  from space 5120K, 99% used [0x00000000d7980000,0x00000000d7e7e970,0x00000000d7e80000)
  to   space 5120K, 0% used [0x00000000d9f00000,0x00000000d9f00000,0x00000000da400000)
 ParOldGen       total 87552K, used 2956K [0x0000000080a00000, 0x0000000085f80000, 0x00000000d5900000)
  object space 87552K, 3% used [0x0000000080a00000,0x0000000080ce30c8,0x0000000085f80000)
 Metaspace       used 17869K, capacity 18258K, committed 18304K, reserved 1064960K
  class space    used 2072K, capacity 2175K, committed 2176K, reserved 1048576K
}

Deoptimization events (10 events):
Event: 3.643 Thread 0x0000000002893800 Uncommon trap: reason=unstable_if action=reinterpret pc=0x0000000002d49edc method=java.util.regex.Pattern$BitClass.isSatisfiedBy(I)Z @ 13
Event: 3.644 Thread 0x0000000002893800 Uncommon trap: reason=unstable_if action=reinterpret pc=0x0000000002da6980 method=java.util.regex.Matcher.find()Z @ 34
Event: 3.644 Thread 0x0000000002893800 Uncommon trap: reason=unstable_if action=reinterpret pc=0x0000000002d4bbc4 method=java.util.regex.Pattern$NotBehind.match(Ljava/util/regex/Matcher;ILjava/lang/CharSequence;)Z @ 128
Event: 3.647 Thread 0x0000000002893800 Uncommon trap: reason=unstable_if action=reinterpret pc=0x0000000002d3968c method=java.util.regex.Pattern$Ctype.isSatisfiedBy(I)Z @ 4
Event: 3.652 Thread 0x0000000002893800 Uncommon trap: reason=unstable_if action=reinterpret pc=0x0000000002dde03c method=java.util.regex.Pattern$LastNode.match(Ljava/util/regex/Matcher;ILjava/lang/CharSequence;)Z @ 5
Event: 3.708 Thread 0x0000000002893800 Uncommon trap: reason=unstable_if action=reinterpret pc=0x0000000002cd6e34 method=com.sun.org.apache.xerces.internal.impl.XMLEntityScanner.checkBeforeLoad(Lcom/sun/xml/internal/stream/Entity$ScannedEntity;II)I @ 18
Event: 3.749 Thread 0x0000000002893800 Uncommon trap: reason=unstable_if action=reinterpret pc=0x0000000002d9b348 method=com.sun.org.apache.xerces.internal.impl.XMLEntityScanner.scanContent(Lcom/sun/org/apache/xerces/internal/xni/XMLString;)I @ 418
Event: 4.065 Thread 0x0000000002893800 Uncommon trap: reason=unstable_if action=reinterpret pc=0x000000000317aa2c method=com.sun.org.apache.xerces.internal.parsers.AbstractSAXParser.endElement(Lcom/sun/org/apache/xerces/internal/xni/QName;Lcom/sun/org/apache/xerces/internal/xni/Augmentations;)
Event: 4.346 Thread 0x0000000002893800 Uncommon trap: reason=unstable_if action=reinterpret pc=0x0000000003169618 method=com.sun.org.apache.xerces.internal.impl.xpath.regex.RangeToken.match(I)Z @ 4
Event: 4.346 Thread 0x0000000002893800 Uncommon trap: reason=unstable_if action=reinterpret pc=0x0000000003110f88 method=com.sun.org.apache.xerces.internal.impl.xpath.regex.RangeToken.match(I)Z @ 4

Classes redefined (0 events):
No events

Internal exceptions (10 events):
Event: 1.071 Thread 0x0000000002893800 Exception <a 'sun/nio/fs/WindowsException'> (0x00000000d6d2d040) thrown at [C:\re\workspace\8-2-build-windows-amd64-cygwin\jdk8u212\12974\hotspot\src\share\vm\prims\jni.cpp, line 710]
Event: 1.071 Thread 0x0000000002893800 Exception <a 'sun/nio/fs/WindowsException'> (0x00000000d6d2da40) thrown at [C:\re\workspace\8-2-build-windows-amd64-cygwin\jdk8u212\12974\hotspot\src\share\vm\prims\jni.cpp, line 710]
Event: 1.071 Thread 0x0000000002893800 Exception <a 'sun/nio/fs/WindowsException'> (0x00000000d6d2dfb8) thrown at [C:\re\workspace\8-2-build-windows-amd64-cygwin\jdk8u212\12974\hotspot\src\share\vm\prims\jni.cpp, line 710]
Event: 3.578 Thread 0x0000000002893800 Exception <a 'java/lang/ClassNotFoundException': com/sun/org/glassfish/hk2/osgiresourcelocator/ServiceLoader> (0x00000000d6f06c68) thrown at [C:\re\workspace\8-2-build-windows-amd64-cygwin\jdk8u212\12974\hotspot\src\share\vm\classfile\systemDictionary.cpp
Event: 3.892 Thread 0x0000000002893800 Exception <a 'sun/nio/fs/WindowsException'> (0x00000000d78d4dd0) thrown at [C:\re\workspace\8-2-build-windows-amd64-cygwin\jdk8u212\12974\hotspot\src\share\vm\prims\jni.cpp, line 710]
Event: 3.892 Thread 0x0000000002893800 Exception <a 'sun/nio/fs/WindowsException'> (0x00000000d78d5288) thrown at [C:\re\workspace\8-2-build-windows-amd64-cygwin\jdk8u212\12974\hotspot\src\share\vm\prims\jni.cpp, line 710]
Event: 4.027 Thread 0x0000000002893800 Exception <a 'java/lang/ClassNotFoundException': com/sun/org/glassfish/hk2/osgiresourcelocator/ServiceLoader> (0x00000000d7916f48) thrown at [C:\re\workspace\8-2-build-windows-amd64-cygwin\jdk8u212\12974\hotspot\src\share\vm\classfile\systemDictionary.cpp
Event: 4.279 Thread 0x0000000002893800 Exception <a 'java/lang/ClassNotFoundException': com/sun/org/glassfish/hk2/osgiresourcelocator/ServiceLoader> (0x00000000d5e48a88) thrown at [C:\re\workspace\8-2-build-windows-amd64-cygwin\jdk8u212\12974\hotspot\src\share\vm\classfile\systemDictionary.cpp
Event: 4.346 Thread 0x0000000002893800 Implicit null exception at 0x0000000003168192 to 0x00000000031695c1
Event: 4.346 Thread 0x0000000002893800 Implicit null exception at 0x0000000003110ed0 to 0x0000000003110f71

Events (10 events):
Event: 4.346 Thread 0x0000000002893800 DEOPT PACKING pc=0x0000000003110f88 sp=0x000000000288dbd0
Event: 4.346 Thread 0x0000000002893800 DEOPT UNPACKING pc=0x00000000029d583b sp=0x000000000288db68 mode 2
Event: 4.826 Thread 0x0000000002893800 DEOPT PACKING pc=0x0000000003234fe5 sp=0x000000000288dec0
Event: 4.826 Thread 0x0000000002893800 DEOPT UNPACKING pc=0x00000000029d7890 sp=0x000000000288dcf0 mode 0
Event: 4.840 Executing VM operation: ParallelGCFailedAllocation
Event: 4.862 Executing VM operation: ParallelGCFailedAllocation done
Event: 5.222 Thread 0x0000000002893800 DEOPT PACKING pc=0x0000000002fe12dc sp=0x000000000288dee0
Event: 5.222 Thread 0x0000000002893800 DEOPT UNPACKING pc=0x00000000029d7890 sp=0x000000000288dbf8 mode 0
Event: 5.224 Thread 0x0000000002893800 DEOPT PACKING pc=0x0000000002fe12dc sp=0x000000000288dee0
Event: 5.224 Thread 0x0000000002893800 DEOPT UNPACKING pc=0x00000000029d7890 sp=0x000000000288dbf8 mode 0


Dynamic libraries:
0x00007ff626630000 - 0x00007ff626667000 	C:\Program Files\Java\jdk1.8.0_212\bin\java.exe
0x00007ff9167d0000 - 0x00007ff9169c8000 	C:\WINDOWS\SYSTEM32\ntdll.dll
0x00007ff9156a0000 - 0x00007ff91575d000 	C:\WINDOWS\System32\KERNEL32.DLL
0x00007ff914500000 - 0x00007ff9147f6000 	C:\WINDOWS\System32\KERNELBASE.dll
0x00007ff915870000 - 0x00007ff915920000 	C:\WINDOWS\System32\ADVAPI32.dll
0x00007ff915130000 - 0x00007ff9151ce000 	C:\WINDOWS\System32\msvcrt.dll
0x00007ff915a10000 - 0x00007ff915ab0000 	C:\WINDOWS\System32\sechost.dll
0x00007ff9153f0000 - 0x00007ff915513000 	C:\WINDOWS\System32\RPCRT4.dll
0x00007ff914110000 - 0x00007ff914137000 	C:\WINDOWS\System32\bcrypt.dll
0x00007ff915ad0000 - 0x00007ff915c6f000 	C:\WINDOWS\System32\USER32.dll
0x00007ff9143d0000 - 0x00007ff9143f2000 	C:\WINDOWS\System32\win32u.dll
0x00007ff915670000 - 0x00007ff91569b000 	C:\WINDOWS\System32\GDI32.dll
0x00007ff913e80000 - 0x00007ff913f97000 	C:\WINDOWS\System32\gdi32full.dll
0x00007ff914140000 - 0x00007ff9141dd000 	C:\WINDOWS\System32\msvcp_win.dll
0x00007ff914400000 - 0x00007ff914500000 	C:\WINDOWS\System32\ucrtbase.dll
0x00007ff8fc840000 - 0x00007ff8fcada000 	C:\WINDOWS\WinSxS\amd64_microsoft.windows.common-controls_6595b64144ccf1df_6.0.19041.3636_none_60b6a03d71f818d5\COMCTL32.dll
0x00007ff915520000 - 0x00007ff915552000 	C:\WINDOWS\System32\IMM32.DLL
0x0000000050750000 - 0x0000000050822000 	C:\Program Files\Java\jdk1.8.0_212\jre\bin\msvcr100.dll
0x0000000077750000 - 0x0000000077ff5000 	C:\Program Files\Java\jdk1.8.0_212\jre\bin\server\jvm.dll
0x00007ff914f70000 - 0x00007ff914f78000 	C:\WINDOWS\System32\PSAPI.DLL
0x00007ff8f3760000 - 0x00007ff8f3769000 	C:\WINDOWS\SYSTEM32\WSOCK32.dll
0x00007ff90a4f0000 - 0x00007ff90a517000 	C:\WINDOWS\SYSTEM32\WINMM.dll
0x00007ff915f50000 - 0x00007ff915fbb000 	C:\WINDOWS\System32\WS2_32.dll
0x00007ff90b150000 - 0x00007ff90b15a000 	C:\WINDOWS\SYSTEM32\VERSION.dll
0x00007ff90ecc0000 - 0x00007ff90eccf000 	C:\Program Files\Java\jdk1.8.0_212\jre\bin\verify.dll
0x00007ff90ec40000 - 0x00007ff90ec69000 	C:\Program Files\Java\jdk1.8.0_212\jre\bin\java.dll
0x00007ff90e930000 - 0x00007ff90e946000 	C:\Program Files\Java\jdk1.8.0_212\jre\bin\zip.dll
0x00007ff914800000 - 0x00007ff914f6b000 	C:\WINDOWS\System32\SHELL32.dll
0x00007ff911ed0000 - 0x00007ff91266e000 	C:\WINDOWS\SYSTEM32\windows.storage.dll
0x00007ff915fc0000 - 0x00007ff916313000 	C:\WINDOWS\System32\combase.dll
0x00007ff913700000 - 0x00007ff91372e000 	C:\WINDOWS\SYSTEM32\Wldp.dll
0x00007ff9151d0000 - 0x00007ff91529d000 	C:\WINDOWS\System32\OLEAUT32.dll
0x00007ff9155c0000 - 0x00007ff91566d000 	C:\WINDOWS\System32\SHCORE.dll
0x00007ff915ef0000 - 0x00007ff915f45000 	C:\WINDOWS\System32\shlwapi.dll
0x00007ff913db0000 - 0x00007ff913dd3000 	C:\WINDOWS\SYSTEM32\profapi.dll
0x00007ff90cd00000 - 0x00007ff90cd1a000 	C:\Program Files\Java\jdk1.8.0_212\jre\bin\net.dll
0x00007ff907670000 - 0x00007ff90785c000 	C:\WINDOWS\SYSTEM32\urlmon.dll
0x00007ff907d10000 - 0x00007ff907fcc000 	C:\WINDOWS\SYSTEM32\iertutil.dll
0x00007ff907640000 - 0x00007ff907668000 	C:\WINDOWS\SYSTEM32\srvcli.dll
0x00007ff9132f0000 - 0x00007ff9132fc000 	C:\WINDOWS\SYSTEM32\netutils.dll
0x00007ff9134e0000 - 0x00007ff91354a000 	C:\WINDOWS\system32\mswsock.dll
0x00007ff8f7b10000 - 0x00007ff8f7b22000 	C:\Program Files\Java\jdk1.8.0_212\jre\bin\nio.dll
0x00007ff8f7000000 - 0x00007ff8f7024000 	C:\Program Files\Java\jdk1.8.0_212\jre\bin\sunec.dll
0x00007ff9131e0000 - 0x00007ff91321b000 	C:\WINDOWS\SYSTEM32\IPHLPAPI.DLL
0x00007ff9152b0000 - 0x00007ff9152b8000 	C:\WINDOWS\System32\NSI.dll
0x00007ff90d3e0000 - 0x00007ff90d3f7000 	C:\WINDOWS\SYSTEM32\dhcpcsvc6.DLL
0x00007ff90d3c0000 - 0x00007ff90d3dd000 	C:\WINDOWS\SYSTEM32\dhcpcsvc.DLL
0x00007ff913220000 - 0x00007ff9132eb000 	C:\WINDOWS\SYSTEM32\DNSAPI.dll
0x00007ff913a50000 - 0x00007ff913a68000 	C:\WINDOWS\SYSTEM32\CRYPTSP.dll
0x00007ff912e20000 - 0x00007ff912e54000 	C:\WINDOWS\system32\rsaenh.dll
0x00007ff913d20000 - 0x00007ff913d4e000 	C:\WINDOWS\SYSTEM32\USERENV.dll
0x00007ff914340000 - 0x00007ff9143c2000 	C:\WINDOWS\System32\bcryptprimitives.dll
0x00007ff913670000 - 0x00007ff91367c000 	C:\WINDOWS\SYSTEM32\CRYPTBASE.dll
0x00007ff90eb80000 - 0x00007ff90eb8b000 	C:\Program Files\Java\jdk1.8.0_212\jre\bin\sunmscapi.dll
0x00007ff9141e0000 - 0x00007ff91433e000 	C:\WINDOWS\System32\CRYPT32.dll
0x00007ff90a460000 - 0x00007ff90a46a000 	C:\Windows\System32\rasadhlp.dll
0x00007ff90a530000 - 0x00007ff90a5b0000 	C:\WINDOWS\System32\fwpuclnt.dll

VM Arguments:
jvm_args: -Dcom.android.sdklib.toolsdir=D:\Program Files\AndroidEnv\SDK\tools\bin\\.. 
java_command: com.android.sdklib.tool.sdkmanager.SdkManagerCli --list
java_class_path (initial): D:\Program Files\AndroidEnv\SDK\tools\bin\..\lib\dvlib-26.0.0-dev.jar;D:\Program Files\AndroidEnv\SDK\tools\bin\..\lib\jimfs-1.1.jar;D:\Program Files\AndroidEnv\SDK\tools\bin\..\lib\jsr305-1.3.9.jar;D:\Program Files\AndroidEnv\SDK\tools\bin\..\lib\repository-26.0.0-dev.jar;D:\Program Files\AndroidEnv\SDK\tools\bin\..\lib\j2objc-annotations-1.1.jar;D:\Program Files\AndroidEnv\SDK\tools\bin\..\lib\layoutlib-api-26.0.0-dev.jar;D:\Program Files\AndroidEnv\SDK\tools\bin\..\lib\gson-2.3.jar;D:\Program Files\AndroidEnv\SDK\tools\bin\..\lib\httpcore-4.2.5.jar;D:\Program Files\AndroidEnv\SDK\tools\bin\..\lib\commons-logging-1.1.1.jar;D:\Program Files\AndroidEnv\SDK\tools\bin\..\lib\commons-compress-1.12.jar;D:\Program Files\AndroidEnv\SDK\tools\bin\..\lib\annotations-26.0.0-dev.jar;D:\Program Files\AndroidEnv\SDK\tools\bin\..\lib\error_prone_annotations-2.0.18.jar;D:\Program Files\AndroidEnv\SDK\tools\bin\..\lib\animal-sniffer-annotations-1.14.jar;D:\Program Files\AndroidEnv\SDK\tools\bin\..\lib\httpclient-4.2.6.jar;D:\Program Files\AndroidEnv\SDK\tools\bin\..\lib\commons-codec-1.6.jar;D:\Program Files\AndroidEnv\SDK\tools\bin\..\lib\common-26.0.0-dev.jar;D:\Program Files\AndroidEnv\SDK\tools\bin\..\lib\kxml2-2.3.0.jar;D:\Program Files\AndroidEnv\SDK\tools\bin\..\lib\httpmime-4.1.jar;D:\Program Files\AndroidEnv\SDK\tools\bin\..\lib\annotations-12.0.jar;D:\Program Files\AndroidEnv\SDK\tools\bin\..\lib\sdklib-26.0.0-dev.jar;D:\Program Files\AndroidEnv\SDK\tools\bin\..\lib\guava-22.0.jar
Launcher Type: SUN_STANDARD

Environment Variables:
JAVA_HOME=C:\Program Files\Java\jdk1.8.0_212
CLASSPATH=D:\Program Files\AndroidEnv\SDK\tools\bin\..\lib\dvlib-26.0.0-dev.jar;D:\Program Files\AndroidEnv\SDK\tools\bin\..\lib\jimfs-1.1.jar;D:\Program Files\AndroidEnv\SDK\tools\bin\..\lib\jsr305-1.3.9.jar;D:\Program Files\AndroidEnv\SDK\tools\bin\..\lib\repository-26.0.0-dev.jar;D:\Program Files\AndroidEnv\SDK\tools\bin\..\lib\j2objc-annotations-1.1.jar;D:\Program Files\AndroidEnv\SDK\tools\bin\..\lib\layoutlib-api-26.0.0-dev.jar;D:\Program Files\AndroidEnv\SDK\tools\bin\..\lib\gson-2.3.jar;D:\Program Files\AndroidEnv\SDK\tools\bin\..\lib\httpcore-4.2.5.jar;D:\Program Files\AndroidEnv\SDK\tools\bin\..\lib\commons-logging-1.1.1.jar;D:\Program Files\AndroidEnv\SDK\tools\bin\..\lib\commons-compress-1.12.jar;D:\Program Files\AndroidEnv\SDK\tools\bin\..\lib\annotations-26.0.0-dev.jar;D:\Program Files\AndroidEnv\SDK\tools\bin\..\lib\error_prone_annotations-2.0.18.jar;D:\Program Files\AndroidEnv\SDK\tools\bin\..\lib\animal-sniffer-annotations-1.14.jar;D:\Program Files\AndroidEnv\SDK\tools\bin\..\lib\httpclient-4.2.6.jar;D:\Program Files\AndroidEnv\SDK\tools\bin\..\lib\commons-codec-1.6.jar;D:\Program Files\AndroidEnv\SDK\tools\bin\..\lib\common-26.0.0-dev.jar;D:\Program Files\AndroidEnv\SDK\tools\bin\..\lib\kxml2-2.3.0.jar;D:\Program Files\AndroidEnv\SDK\tools\bin\..\lib\httpmime-4.1.jar;D:\Program Files\AndroidEnv\SDK\tools\bin\..\lib\annotations-12.0.jar;D:\Program Files\AndroidEnv\SDK\tools\bin\..\lib\sdklib-26.0.0-dev.jar;D:\Program Files\AndroidEnv\SDK\tools\bin\..\lib\guava-22.0.jar
PATH=C:\Program Files (x86)\Common Files\Oracle\Java\javapath;C:\Program Files (x86)\Intel\iCLS Client\;C:\Program Files\Intel\iCLS Client\;C:\Windows\system32;C:\Windows;C:\Windows\System32\Wbem;C:\Windows\System32\WindowsPowerShell\v1.0\;C:\Windows\System32\OpenSSH\;C:\Program Files (x86)\Intel\Intel(R) Management Engine Components\DAL;C:\Program Files\Intel\Intel(R) Management Engine Components\DAL;C:\Program Files (x86)\Intel\Intel(R) Management Engine Components\IPT;C:\Program Files\Intel\Intel(R) Management Engine Components\IPT;C:\Program Files (x86)\NVIDIA Corporation\PhysX\Common;C:\Program Files\NVIDIA Corporation\NVIDIA NvDLISR;C:\Program Files\Intel\WiFi\bin\;C:\Program Files\Common Files\Intel\WirelessCommon\;C:\Program Files (x86)\Uscience\MachineCode;C:\Program Files\Git\cmd;C:\Program Files\dotnet\;C:\WINDOWS\system32;C:\WINDOWS;C:\WINDOWS\System32\Wbem;C:\WINDOWS\System32\WindowsPowerShell\v1.0\;C:\WINDOWS\System32\OpenSSH\;C:\Program Files\TortoiseGit\bin;C:\Program Files (x86)\Windows Kits\10\Windows Performance Toolkit\;D:\adb\adb;C:\Users\Admin\AppData\Local\Microsoft\WindowsApps;C:\Program Files\Intel\WiFi\bin\;C:\Program Files\Common Files\Intel\WirelessCommon\;C:\Users\Admin\AppData\Local\Programs\Microsoft VS Code\bin;C:\Users\Admin\.dotnet\tools;C:\Users\Admin\AppData\Local\Packages\PythonSoftwareFoundation.Python.3.10_qbz5n2kfra8p0\LocalCache\local-packages\Python310\Scripts;";C:\Program Files\Java\jdk1.8.0_212\bin;C:\Program Files\Java\jdk1.8.0_212\jre\bin";
USERNAME=Admin
OS=Windows_NT
PROCESSOR_IDENTIFIER=Intel64 Family 6 Model 158 Stepping 9, GenuineIntel



---------------  S Y S T E M  ---------------

OS: Windows 10.0 , 64 bit Build 19041 (10.0.19041.3636)

CPU:total 4 (initial active 4) (4 cores per cpu, 1 threads per core) family 6 model 158 stepping 9, cmov, cx8, fxsr, mmx, sse, sse2, sse3, ssse3, sse4.1, sse4.2, popcnt, avx, avx2, aes, clmul, erms, rtm, 3dnowpref, lzcnt, tsc, tscinvbit, bmi1, bmi2, adx

Memory: 4k page, physical 8343608k(876648k free), swap 21451060k(5360k free)

vm_info: Java HotSpot(TM) 64-Bit Server VM (25.212-b10) for windows-amd64 JRE (1.8.0_212-b10), built on Apr  1 2019 22:50:23 by "java_re" with MS VC++ 10.0 (VS2010)

time: Fri Apr 26 19:31:04 2024
timezone: 中国标准时间
elapsed time: 5 seconds (0d 0h 0m 5s)

